mq_timedsend/5-1: build: FAILED: Compiler output: 
cc1: warnings being treated as errors
mq_timedsend/5-1.c: In function ‘main’:
mq_timedsend/5-1.c:115: warning: pointer targets in passing argument 4 of ‘mq_receive’ differ in signedness
mq_timedsend/1-1: build: FAILED: Compiler output: 
cc1: warnings being treated as errors
mq_timedsend/1-1.c: In function ‘main’:
mq_timedsend/1-1.c:58: warning: pointer targets in passing argument 4 of ‘mq_receive’ differ in signedness
mq_timedsend/9-1: build: FAILED: Compiler output: 
cc1: warnings being treated as errors
mq_timedsend/9-1.c: In function ‘main’:
mq_timedsend/9-1.c:69: warning: pointer targets in passing argument 4 of ‘mq_receive’ differ in signedness
mq_timedsend/4-3: build: FAILED: Compiler output: 
cc1: warnings being treated as errors
mq_timedsend/4-3.c: In function ‘main’:
mq_timedsend/4-3.c:60: warning: pointer targets in passing argument 4 of ‘mq_receive’ differ in signedness
mq_timedsend/3-2: build: FAILED: Compiler output: 
cc1: warnings being treated as errors
mq_timedsend/3-2.c: In function ‘main’:
mq_timedsend/3-2.c:105: warning: pointer targets in passing argument 4 of ‘mq_receive’ differ in signedness
mq_timedsend/3-2.c:115: warning: pointer targets in passing argument 4 of ‘mq_receive’ differ in signedness
mq_timedsend/3-2.c:125: warning: pointer targets in passing argument 4 of ‘mq_receive’ differ in signedness
mq_timedsend/3-2.c:135: warning: pointer targets in passing argument 4 of ‘mq_receive’ differ in signedness
mq_timedsend/3-2.c:145: warning: pointer targets in passing argument 4 of ‘mq_receive’ differ in signedness
mq_timedsend/7-1: build: FAILED: Compiler output: 
cc1: warnings being treated as errors
mq_timedsend/7-1.c: In function ‘main’:
mq_timedsend/7-1.c:76: warning: pointer targets in passing argument 4 of ‘mq_receive’ differ in signedness
mq_timedsend/8-1: build: FAILED: Compiler output: 
cc1: warnings being treated as errors
mq_timedsend/8-1.c: In function ‘main’:
mq_timedsend/8-1.c:55: warning: pointer targets in passing argument 4 of ‘mq_receive’ differ in signedness
mq_timedsend/3-1: build: FAILED: Compiler output: 
cc1: warnings being treated as errors
mq_timedsend/3-1.c: In function ‘main’:
mq_timedsend/3-1.c:98: warning: pointer targets in passing argument 4 of ‘mq_receive’ differ in signedness
mq_timedsend/3-1.c:108: warning: pointer targets in passing argument 4 of ‘mq_receive’ differ in signedness
mq_timedsend/3-1.c:118: warning: pointer targets in passing argument 4 of ‘mq_receive’ differ in signedness
mq_timedsend/3-1.c:128: warning: pointer targets in passing argument 4 of ‘mq_receive’ differ in signedness
mq_timedsend/3-1.c:138: warning: pointer targets in passing argument 4 of ‘mq_receive’ differ in signedness
pthread_mutex_getprioceiling/1-1: build: FAILED: Compiler output: 
cc1: warnings being treated as errors
pthread_mutex_getprioceiling/1-1.c: In function ‘main’:
pthread_mutex_getprioceiling/1-1.c:43: warning: implicit declaration of function ‘pmarcel_mutex_getprioceiling’
pthread_mutexattr_setprioceiling/1-1: build: FAILED: Compiler output: 
pthread_mutexattr_setprioceiling/1-1.c:52:45: error: macro "pthread_mutexattr_setprioceiling" requires 3 arguments, but only 2 given
pthread_mutexattr_setprioceiling/1-1.c: In function ‘main’:
pthread_mutexattr_setprioceiling/1-1.c:52: error: ‘pthread_mutexattr_setprioceiling’ undeclared (first use in this function)
pthread_mutexattr_setprioceiling/1-1.c:52: error: (Each undeclared identifier is reported only once
pthread_mutexattr_setprioceiling/1-1.c:52: error: for each function it appears in.)
pthread_mutexattr_setprioceiling/3-2: build: FAILED: Compiler output: 
pthread_mutexattr_setprioceiling/3-2.c:44:59: error: macro "pthread_mutexattr_setprioceiling" requires 3 arguments, but only 2 given
pthread_mutexattr_setprioceiling/3-2.c: In function ‘main’:
pthread_mutexattr_setprioceiling/3-2.c:44: error: ‘pthread_mutexattr_setprioceiling’ undeclared (first use in this function)
pthread_mutexattr_setprioceiling/3-2.c:44: error: (Each undeclared identifier is reported only once
pthread_mutexattr_setprioceiling/3-2.c:44: error: for each function it appears in.)
cc1: warnings being treated as errors
pthread_mutexattr_setprioceiling/3-2.c:36: warning: unused variable ‘mta’
pthread_mutexattr_setprioceiling/3-1: build: FAILED: Compiler output: 
pthread_mutexattr_setprioceiling/3-1.c:42:59: error: macro "pthread_mutexattr_setprioceiling" requires 3 arguments, but only 2 given
pthread_mutexattr_setprioceiling/3-1.c: In function ‘main’:
pthread_mutexattr_setprioceiling/3-1.c:42: error: ‘pthread_mutexattr_setprioceiling’ undeclared (first use in this function)
pthread_mutexattr_setprioceiling/3-1.c:42: error: (Each undeclared identifier is reported only once
pthread_mutexattr_setprioceiling/3-1.c:42: error: for each function it appears in.)
cc1: warnings being treated as errors
pthread_mutexattr_setprioceiling/3-1.c:36: warning: unused variable ‘mta’
pthread_cond_broadcast/1-2: build: FAILED: Compiler output: 
cc1: warnings being treated as errors
pthread_cond_broadcast/1-2.c: In function ‘main’:
pthread_cond_broadcast/1-2.c:428: warning: passing argument 1 of ‘pmarcel_condattr_setclock’ from incompatible pointer type
pthread_cond_broadcast/1-2.c:431: warning: passing argument 1 of ‘pmarcel_condattr_getclock’ from incompatible pointer type
pthread_cond_broadcast/2-3: build: FAILED: Compiler output: 
cc1: warnings being treated as errors
pthread_cond_broadcast/2-3.c: In function ‘main’:
pthread_cond_broadcast/2-3.c:418: warning: passing argument 1 of ‘pmarcel_condattr_setclock’ from incompatible pointer type
pthread_cond_broadcast/2-3.c:421: warning: passing argument 1 of ‘pmarcel_condattr_getclock’ from incompatible pointer type
pthread_attr_setstack/2-1: build: FAILED: Compiler output: 
cc1: warnings being treated as errors
pthread_attr_setstack/2-1.c: In function ‘thread_func’:
pthread_attr_setstack/2-1.c:48: warning: passing argument 1 of ‘marcel_getattr_np’ makes pointer from integer without a cast
sigaltstack/9-1: build: FAILED: Compiler output: 
cc1: warnings being treated as errors
sigaltstack/9-1.c: In function ‘main’:
sigaltstack/9-1.c:63: warning: not enough variable arguments to fit a sentinel
pthread_cond_signal/1-2: build: FAILED: Compiler output: 
cc1: warnings being treated as errors
pthread_cond_signal/1-2.c: In function ‘main’:
pthread_cond_signal/1-2.c:383: warning: passing argument 1 of ‘pmarcel_condattr_setclock’ from incompatible pointer type
pthread_cond_signal/1-2.c:386: warning: passing argument 1 of ‘pmarcel_condattr_getclock’ from incompatible pointer type
mq_open/19-1: build: FAILED: Compiler output: 
cc1: warnings being treated as errors
mq_open/19-1.c: In function ‘main’:
mq_open/19-1.c:59: warning: pointer targets in passing argument 4 of ‘mq_receive’ differ in signedness
mq_open/19-1.c:84: warning: pointer targets in passing argument 4 of ‘mq_receive’ differ in signedness
mq_open/9-1: build: FAILED: Compiler output: 
cc1: warnings being treated as errors
mq_open/9-1.c: In function ‘main’:
mq_open/9-1.c:67: warning: pointer targets in passing argument 4 of ‘mq_receive’ differ in signedness
mq_open/9-1.c:101: warning: pointer targets in passing argument 4 of ‘mq_receive’ differ in signedness
mq_open/8-2: build: FAILED: Compiler output: 
cc1: warnings being treated as errors
mq_open/8-2.c: In function ‘main’:
mq_open/8-2.c:83: warning: pointer targets in passing argument 4 of ‘mq_receive’ differ in signedness
mq_open/8-2.c:138: warning: pointer targets in passing argument 4 of ‘mq_receive’ differ in signedness
mq_open/7-1: build: FAILED: Compiler output: 
cc1: warnings being treated as errors
mq_open/7-1.c: In function ‘main’:
mq_open/7-1.c:76: warning: pointer targets in passing argument 4 of ‘mq_receive’ differ in signedness
mq_open/8-1: build: FAILED: Compiler output: 
cc1: warnings being treated as errors
mq_open/8-1.c: In function ‘main’:
mq_open/8-1.c:63: warning: pointer targets in passing argument 4 of ‘mq_receive’ differ in signedness
mq_open/8-1.c:98: warning: pointer targets in passing argument 4 of ‘mq_receive’ differ in signedness
mq_open/7-2: build: FAILED: Compiler output: 
cc1: warnings being treated as errors
mq_open/7-2.c: In function ‘main’:
mq_open/7-2.c:83: warning: pointer targets in passing argument 4 of ‘mq_receive’ differ in signedness
mq_open/2-1: build: FAILED: Compiler output: 
cc1: warnings being treated as errors
mq_open/2-1.c: In function ‘main’:
mq_open/2-1.c:83: warning: pointer targets in passing argument 4 of ‘mq_receive’ differ in signedness
mq_open/9-2: build: FAILED: Compiler output: 
cc1: warnings being treated as errors
mq_open/9-2.c: In function ‘main’:
mq_open/9-2.c:92: warning: pointer targets in passing argument 4 of ‘mq_receive’ differ in signedness
mq_open/9-2.c:139: warning: pointer targets in passing argument 4 of ‘mq_receive’ differ in signedness
mq_timedreceive/speculative/10-2: build: FAILED: Compiler output: 
cc1: warnings being treated as errors
mq_timedreceive/speculative/10-2.c: In function ‘main’:
mq_timedreceive/speculative/10-2.c:62: warning: pointer targets in passing argument 4 of ‘mq_timedreceive’ differ in signedness
mq_timedreceive/1-1: build: FAILED: Compiler output: 
cc1: warnings being treated as errors
mq_timedreceive/1-1.c: In function ‘main’:
mq_timedreceive/1-1.c:65: warning: pointer targets in passing argument 4 of ‘mq_timedreceive’ differ in signedness
mq_timedreceive/1-1.c:80: warning: pointer targets in passing argument 4 of ‘mq_timedreceive’ differ in signedness
mq_timedreceive/10-2: build: FAILED: Compiler output: 
cc1: warnings being treated as errors
mq_timedreceive/10-2.c: In function ‘main’:
mq_timedreceive/10-2.c:65: warning: pointer targets in passing argument 4 of ‘mq_timedreceive’ differ in signedness
mq_timedreceive/10-1: build: FAILED: Compiler output: 
cc1: warnings being treated as errors
mq_timedreceive/10-1.c: In function ‘main’:
mq_timedreceive/10-1.c:59: warning: pointer targets in passing argument 4 of ‘mq_timedreceive’ differ in signedness
pthread_cond_destroy/2-1: build: FAILED: Compiler output: 
cc1: warnings being treated as errors
pthread_cond_destroy/2-1.c: In function ‘main’:
pthread_cond_destroy/2-1.c:420: warning: passing argument 1 of ‘pmarcel_condattr_setclock’ from incompatible pointer type
pthread_cond_destroy/2-1.c:423: warning: passing argument 1 of ‘pmarcel_condattr_getclock’ from incompatible pointer type
pthread_cond_wait/2-2: build: FAILED: Compiler output: 
cc1: warnings being treated as errors
pthread_cond_wait/2-2.c: In function ‘main’:
pthread_cond_wait/2-2.c:380: warning: passing argument 1 of ‘pmarcel_condattr_setclock’ from incompatible pointer type
pthread_cond_wait/2-2.c:423: warning: passing argument 1 of ‘pmarcel_condattr_getclock’ from incompatible pointer type
pthread_cond_wait/2-3: build: FAILED: Compiler output: 
cc1: warnings being treated as errors
pthread_cond_wait/2-3.c: In function ‘main’:
pthread_cond_wait/2-3.c:287: warning: passing argument 1 of ‘pmarcel_condattr_setclock’ from incompatible pointer type
pthread_mutexattr_getprioceiling/1-1: build: FAILED: Compiler output: 
cc1: warnings being treated as errors
pthread_mutexattr_getprioceiling/1-1.c: In function ‘main’:
pthread_mutexattr_getprioceiling/1-1.c:44: warning: implicit declaration of function ‘pmarcel_mutexattr_getprioceiling’
pthread_mutexattr_getprioceiling/1-2: build: FAILED: Compiler output: 
pthread_mutexattr_getprioceiling/1-2.c:53:45: error: macro "pthread_mutexattr_setprioceiling" requires 3 arguments, but only 2 given
pthread_mutexattr_getprioceiling/1-2.c: In function ‘main’:
pthread_mutexattr_getprioceiling/1-2.c:53: error: ‘pthread_mutexattr_setprioceiling’ undeclared (first use in this function)
pthread_mutexattr_getprioceiling/1-2.c:53: error: (Each undeclared identifier is reported only once
pthread_mutexattr_getprioceiling/1-2.c:53: error: for each function it appears in.)
cc1: warnings being treated as errors
pthread_mutexattr_getprioceiling/1-2.c:60: warning: implicit declaration of function ‘pmarcel_mutexattr_getprioceiling’
pthread_mutexattr_getprioceiling/3-1: build: FAILED: Compiler output: 
cc1: warnings being treated as errors
pthread_mutexattr_getprioceiling/3-1.c: In function ‘main’:
pthread_mutexattr_getprioceiling/3-1.c:36: warning: implicit declaration of function ‘pmarcel_mutexattr_getprioceiling’
pthread_cond_init/2-2: build: FAILED: Compiler output: 
cc1: warnings being treated as errors
pthread_cond_init/2-2.c: In function ‘do_cs_test’:
pthread_cond_init/2-2.c:224: warning: passing argument 1 of ‘pmarcel_condattr_getclock’ from incompatible pointer type
pthread_cond_init/4-1: build: FAILED: Compiler output: 
cc1: warnings being treated as errors
pthread_cond_init/4-1.c: In function ‘main’:
pthread_cond_init/4-1.c:151: warning: passing argument 1 of ‘pmarcel_condattr_setclock’ from incompatible pointer type
pthread_cond_init/4-1.c:153: warning: passing argument 1 of ‘pmarcel_condattr_setclock’ from incompatible pointer type
pthread_cond_init/1-2: build: FAILED: Compiler output: 
cc1: warnings being treated as errors
pthread_cond_init/1-2.c: In function ‘do_cs_test’:
pthread_cond_init/1-2.c:222: warning: passing argument 1 of ‘pmarcel_condattr_getclock’ from incompatible pointer type
pthread_cond_init/4-2: build: FAILED: Compiler output: 
cc1: warnings being treated as errors
pthread_cond_init/4-2.c: In function ‘threaded’:
pthread_cond_init/4-2.c:180: warning: passing argument 1 of ‘pmarcel_condattr_setclock’ from incompatible pointer type
pthread_cond_init/4-2.c:182: warning: passing argument 1 of ‘pmarcel_condattr_setclock’ from incompatible pointer type
pthread_condattr_getclock/1-1: build: FAILED: Compiler output: 
cc1: warnings being treated as errors
pthread_condattr_getclock/1-1.c: In function ‘main’:
pthread_condattr_getclock/1-1.c:38: warning: passing argument 1 of ‘pmarcel_condattr_getclock’ from incompatible pointer type
pthread_condattr_getclock/1-2: build: FAILED: Compiler output: 
cc1: warnings being treated as errors
pthread_condattr_getclock/1-2.c: In function ‘main’:
pthread_condattr_getclock/1-2.c:39: warning: passing argument 1 of ‘pmarcel_condattr_setclock’ from incompatible pointer type
pthread_condattr_getclock/1-2.c:46: warning: passing argument 1 of ‘pmarcel_condattr_getclock’ from incompatible pointer type
sem_unlink/2-2: build: FAILED: Compiler output: 
cc1: warnings being treated as errors
sem_unlink/2-2.c: In function ‘main’:
sem_unlink/2-2.c:205: warning: not enough variable arguments to fit a sentinel
sem_unlink/5-1: build: FAILED: Compiler output: 
sem_unlink/5-1.c: In function ‘main’:
sem_unlink/5-1.c:96: error: expected identifier or ‘(’ before numeric constant
sem_unlink/5-1.c:103: error: invalid lvalue in assignment
sem_unlink/5-1.c:157: error: invalid lvalue in assignment
mq_send/5-1: build: FAILED: Compiler output: 
cc1: warnings being treated as errors
mq_send/5-1.c: In function ‘main’:
mq_send/5-1.c:108: warning: pointer targets in passing argument 4 of ‘mq_receive’ differ in signedness
mq_send/1-1: build: FAILED: Compiler output: 
cc1: warnings being treated as errors
mq_send/1-1.c: In function ‘main’:
mq_send/1-1.c:54: warning: pointer targets in passing argument 4 of ‘mq_receive’ differ in signedness
mq_send/9-1: build: FAILED: Compiler output: 
cc1: warnings being treated as errors
mq_send/9-1.c: In function ‘main’:
mq_send/9-1.c:65: warning: pointer targets in passing argument 4 of ‘mq_receive’ differ in signedness
mq_send/4-3: build: FAILED: Compiler output: 
cc1: warnings being treated as errors
mq_send/4-3.c: In function ‘main’:
mq_send/4-3.c:55: warning: pointer targets in passing argument 4 of ‘mq_receive’ differ in signedness
mq_send/3-2: build: FAILED: Compiler output: 
cc1: warnings being treated as errors
mq_send/3-2.c: In function ‘main’:
mq_send/3-2.c:96: warning: pointer targets in passing argument 4 of ‘mq_receive’ differ in signedness
mq_send/3-2.c:106: warning: pointer targets in passing argument 4 of ‘mq_receive’ differ in signedness
mq_send/3-2.c:116: warning: pointer targets in passing argument 4 of ‘mq_receive’ differ in signedness
mq_send/3-2.c:126: warning: pointer targets in passing argument 4 of ‘mq_receive’ differ in signedness
mq_send/3-2.c:136: warning: pointer targets in passing argument 4 of ‘mq_receive’ differ in signedness
mq_send/7-1: build: FAILED: Compiler output: 
cc1: warnings being treated as errors
mq_send/7-1.c: In function ‘main’:
mq_send/7-1.c:71: warning: pointer targets in passing argument 4 of ‘mq_receive’ differ in signedness
mq_send/8-1: build: FAILED: Compiler output: 
cc1: warnings being treated as errors
mq_send/8-1.c: In function ‘main’:
mq_send/8-1.c:51: warning: pointer targets in passing argument 4 of ‘mq_receive’ differ in signedness
mq_send/3-1: build: FAILED: Compiler output: 
cc1: warnings being treated as errors
mq_send/3-1.c: In function ‘main’:
mq_send/3-1.c:89: warning: pointer targets in passing argument 4 of ‘mq_receive’ differ in signedness
mq_send/3-1.c:99: warning: pointer targets in passing argument 4 of ‘mq_receive’ differ in signedness
mq_send/3-1.c:109: warning: pointer targets in passing argument 4 of ‘mq_receive’ differ in signedness
mq_send/3-1.c:119: warning: pointer targets in passing argument 4 of ‘mq_receive’ differ in signedness
mq_send/3-1.c:129: warning: pointer targets in passing argument 4 of ‘mq_receive’ differ in signedness
mq_receive/1-1: build: FAILED: Compiler output: 
cc1: warnings being treated as errors
mq_receive/1-1.c: In function ‘main’:
mq_receive/1-1.c:61: warning: pointer targets in passing argument 4 of ‘mq_receive’ differ in signedness
mq_receive/1-1.c:74: warning: pointer targets in passing argument 4 of ‘mq_receive’ differ in signedness
pthread_condattr_setclock/1-3: build: FAILED: Compiler output: 
cc1: warnings being treated as errors
pthread_condattr_setclock/1-3.c: In function ‘main’:
pthread_condattr_setclock/1-3.c:58: warning: passing argument 1 of ‘pmarcel_condattr_setclock’ from incompatible pointer type
pthread_condattr_setclock/1-1: build: FAILED: Compiler output: 
cc1: warnings being treated as errors
pthread_condattr_setclock/1-1.c: In function ‘main’:
pthread_condattr_setclock/1-1.c:38: warning: passing argument 1 of ‘pmarcel_condattr_setclock’ from incompatible pointer type
pthread_condattr_setclock/1-2: build: FAILED: Compiler output: 
cc1: warnings being treated as errors
pthread_condattr_setclock/1-2.c: In function ‘main’:
pthread_condattr_setclock/1-2.c:51: warning: passing argument 1 of ‘pmarcel_condattr_setclock’ from incompatible pointer type
pthread_condattr_setclock/2-1: build: FAILED: Compiler output: 
cc1: warnings being treated as errors
pthread_condattr_setclock/2-1.c: In function ‘main’:
pthread_condattr_setclock/2-1.c:45: warning: passing argument 1 of ‘pmarcel_condattr_setclock’ from incompatible pointer type
sched_yield/1-1: build: FAILED: Compiler output: 
sched_yield/1-1.c:25:1: error: "_GNU_SOURCE" redefined
<command line>:1:1: error: this is the location of the previous definition
cc1: warnings being treated as errors
sched_yield/1-1.c: In function ‘set_thread_affinity’:
sched_yield/1-1.c:119: warning: implicit declaration of function ‘pthread_setaffinity_np’
pthread_mutexattr_setprotocol/1-1: build: FAILED: Compiler output: 
cc1: warnings being treated as errors
pthread_mutexattr_setprotocol/1-1.c: In function ‘main’:
pthread_mutexattr_setprotocol/1-1.c:44: warning: implicit declaration of function ‘pmarcel_mutexattr_setprotocol’
pthread_mutexattr_setprotocol/1-1.c:51: warning: implicit declaration of function ‘pmarcel_mutexattr_getprotocol’
pthread_mutexattr_setprotocol/3-2: build: FAILED: Compiler output: 
cc1: warnings being treated as errors
pthread_mutexattr_setprotocol/3-2.c: In function ‘main’:
pthread_mutexattr_setprotocol/3-2.c:30: warning: implicit declaration of function ‘pmarcel_mutexattr_setprotocol’
pthread_mutexattr_setprotocol/3-1: build: FAILED: Compiler output: 
cc1: warnings being treated as errors
pthread_mutexattr_setprotocol/3-1.c: In function ‘main’:
pthread_mutexattr_setprotocol/3-1.c:45: warning: implicit declaration of function ‘pmarcel_mutexattr_setprotocol’
pthread_cond_timedwait/2-4: build: FAILED: Compiler output: 
cc1: warnings being treated as errors
pthread_cond_timedwait/2-4.c: In function ‘main’:
pthread_cond_timedwait/2-4.c:395: warning: passing argument 1 of ‘pmarcel_condattr_setclock’ from incompatible pointer type
pthread_cond_timedwait/2-4.c:438: warning: passing argument 1 of ‘pmarcel_condattr_getclock’ from incompatible pointer type
pthread_cond_timedwait/2-6: build: FAILED: Compiler output: 
cc1: warnings being treated as errors
pthread_cond_timedwait/2-6.c: In function ‘main’:
pthread_cond_timedwait/2-6.c:294: warning: passing argument 1 of ‘pmarcel_condattr_setclock’ from incompatible pointer type
pthread_cond_timedwait/2-6.c:309: warning: passing argument 1 of ‘pmarcel_condattr_getclock’ from incompatible pointer type
pthread_cond_timedwait/2-5: build: FAILED: Compiler output: 
cc1: warnings being treated as errors
pthread_cond_timedwait/2-5.c: In function ‘main’:
pthread_cond_timedwait/2-5.c:271: warning: passing argument 1 of ‘pmarcel_condattr_setclock’ from incompatible pointer type
pthread_cond_timedwait/2-5.c:291: warning: passing argument 1 of ‘pmarcel_condattr_getclock’ from incompatible pointer type
pthread_cond_timedwait/4-2: build: FAILED: Compiler output: 
cc1: warnings being treated as errors
pthread_cond_timedwait/4-2.c: In function ‘main’:
pthread_cond_timedwait/4-2.c:347: warning: passing argument 1 of ‘pmarcel_condattr_setclock’ from incompatible pointer type
pthread_cond_timedwait/4-2.c:358: warning: passing argument 1 of ‘pmarcel_condattr_getclock’ from incompatible pointer type
pthread_cond_timedwait/2-7: build: FAILED: Compiler output: 
cc1: warnings being treated as errors
pthread_cond_timedwait/2-7.c: In function ‘main’:
pthread_cond_timedwait/2-7.c:401: warning: passing argument 1 of ‘pmarcel_condattr_setclock’ from incompatible pointer type
pthread_cond_timedwait/2-7.c:444: warning: passing argument 1 of ‘pmarcel_condattr_getclock’ from incompatible pointer type
pthread_mutexattr_getprotocol/1-1: build: FAILED: Compiler output: 
cc1: warnings being treated as errors
pthread_mutexattr_getprotocol/1-1.c: In function ‘main’:
pthread_mutexattr_getprotocol/1-1.c:38: warning: implicit declaration of function ‘pmarcel_mutexattr_getprotocol’
pthread_mutexattr_getprotocol/1-2: build: FAILED: Compiler output: 
cc1: warnings being treated as errors
pthread_mutexattr_getprotocol/1-2.c: In function ‘main’:
pthread_mutexattr_getprotocol/1-2.c:40: warning: implicit declaration of function ‘pmarcel_mutexattr_setprotocol’
pthread_mutexattr_getprotocol/1-2.c:47: warning: implicit declaration of function ‘pmarcel_mutexattr_getprotocol’
pthread_attr_setstacksize/2-1: build: FAILED: Compiler output: 
cc1: warnings being treated as errors
pthread_attr_setstacksize/2-1.c: In function ‘thread_func’:
pthread_attr_setstacksize/2-1.c:46: warning: passing argument 1 of ‘marcel_getattr_np’ makes pointer from integer without a cast
conformance/definitions/sys/mman_h/22-1: build: FAILED: Compiler output: 
conformance/definitions/sys/mman_h/22-1.c: In function ‘dummyfcn’:
conformance/definitions/sys/mman_h/22-1.c:24: error: ‘posix_typed_mem_open’ undeclared (first use in this function)
conformance/definitions/sys/mman_h/22-1.c:24: error: (Each undeclared identifier is reported only once
conformance/definitions/sys/mman_h/22-1.c:24: error: for each function it appears in.)
conformance/definitions/sys/mman_h/20-1: build: FAILED: Compiler output: 
conformance/definitions/sys/mman_h/20-1.c: In function ‘dummyfcn’:
conformance/definitions/sys/mman_h/20-1.c:27: error: ‘posix_mem_offset’ undeclared (first use in this function)
conformance/definitions/sys/mman_h/20-1.c:27: error: (Each undeclared identifier is reported only once
conformance/definitions/sys/mman_h/20-1.c:27: error: for each function it appears in.)
conformance/definitions/sys/mman_h/8-3: build: FAILED: Compiler output: 
conformance/definitions/sys/mman_h/8-3.c:19:2: error: #error POSIX_TYPED_MEM_MAP_ALLOCATABLE not defined
conformance/definitions/sys/mman_h/10-1: build: FAILED: Compiler output: 
conformance/definitions/sys/mman_h/10-1.c: In function ‘dummyfcn’:
conformance/definitions/sys/mman_h/10-1.c:25: error: invalid use of undefined type ‘struct posix_typed_mem_info’
conformance/definitions/sys/mman_h/8-2: build: FAILED: Compiler output: 
conformance/definitions/sys/mman_h/8-2.c:19:2: error: #error POSIX_TYPED_MEM_ALLOCATE_CONTIG not defined
conformance/definitions/sys/mman_h/21-1: build: FAILED: Compiler output: 
cc1: warnings being treated as errors
conformance/definitions/sys/mman_h/21-1.c:19: warning: ‘struct posix_typed_mem_info’ declared inside parameter list
conformance/definitions/sys/mman_h/21-1.c:19: warning: its scope is only this definition or declaration, which is probably not what you want
conformance/definitions/sys/mman_h/21-1.c: In function ‘dummyfcn’:
conformance/definitions/sys/mman_h/21-1.c:24: error: ‘posix_typed_mem_get_info’ undeclared (first use in this function)
conformance/definitions/sys/mman_h/21-1.c:24: error: (Each undeclared identifier is reported only once
conformance/definitions/sys/mman_h/21-1.c:24: error: for each function it appears in.)
conformance/definitions/sys/mman_h/8-1: build: FAILED: Compiler output: 
conformance/definitions/sys/mman_h/8-1.c:19:2: error: #error POSIX_TYPED_MEM_ALLOCATE not defined
conformance/definitions/signal_h/20-1: build: FAILED: Compiler output: 
conformance/definitions/signal_h/20-1.c:7: error: expected ‘=’, ‘,’, ‘;’, ‘asm’ or ‘__attribute__’ before ‘this_type_should_exist’
conformance/definitions/signal_h/20-1.c: In function ‘dummyfcn’:
conformance/definitions/signal_h/20-1.c:13: error: ‘t’ undeclared (first use in this function)
conformance/definitions/signal_h/20-1.c:13: error: (Each undeclared identifier is reported only once
conformance/definitions/signal_h/20-1.c:13: error: for each function it appears in.)
conformance/definitions/pthread_h/6-1: build: FAILED: Compiler output: 
cc1: warnings being treated as errors
conformance/definitions/pthread_h/6-1.c: In function ‘dummy_func’:
conformance/definitions/pthread_h/6-1.c:17: warning: statement with no effect
conformance/definitions/sched_h/4-1: build: FAILED: Compiler output: 
conformance/definitions/sched_h/4-1.c: In function ‘dummyfcn’:
conformance/definitions/sched_h/4-1.c:29: error: ‘struct sched_param’ has no member named ‘sched_ss_low_priority’
conformance/definitions/sched_h/4-1.c:30: error: ‘struct sched_param’ has no member named ‘sched_ss_repl_period’
conformance/definitions/sched_h/4-1.c:31: error: ‘struct sched_param’ has no member named ‘sched_ss_init_budget’
conformance/definitions/sched_h/4-1.c:32: error: ‘struct sched_param’ has no member named ‘sched_ss_max_repl’
conformance/definitions/sched_h/8-3: build: FAILED: Compiler output: 
conformance/definitions/sched_h/8-3.c:19:2: error: #error SCHED_SPORADIC not defined
conformance/definitions/sched_h/10-1: build: FAILED: Compiler output: 
conformance/definitions/sched_h/10-1.c:33: error: ‘SCHED_SPORADIC’ undeclared here (not in a function)
conformance/definitions/sched_h/3-1: build: FAILED: Compiler output: 
conformance/definitions/sched_h/3-1.c: In function ‘dummyfcn’:
conformance/definitions/sched_h/3-1.c:29: error: ‘struct sched_param’ has no member named ‘sched_ss_low_priority’
conformance/definitions/sched_h/3-1.c:30: error: ‘struct sched_param’ has no member named ‘sched_ss_repl_period’
conformance/definitions/sched_h/3-1.c:31: error: ‘struct sched_param’ has no member named ‘sched_ss_init_budget’
conformance/definitions/sched_h/3-1.c:32: error: ‘struct sched_param’ has no member named ‘sched_ss_max_repl’
conformance/definitions/time_h/35-3: build: FAILED: Compiler output: 
cc1: warnings being treated as errors
conformance/definitions/time_h/35-3.c: In function ‘dummyfcn’:
conformance/definitions/time_h/35-3.c:19: warning: ‘dummy[0u]’ is used uninitialized in this function
